[debug] [2020-08-31T21:13:22.838Z] ----------------------------------------------------------------------
[debug] [2020-08-31T21:13:22.847Z] Command:       C:\Program Files\nodejs\node.exe C:\Users\Consoft\AppData\Roaming\npm\node_modules\firebase-tools\lib\bin\firebase.js serve
[debug] [2020-08-31T21:13:22.848Z] CLI Version:   8.9.0
[debug] [2020-08-31T21:13:22.848Z] Platform:      win32
[debug] [2020-08-31T21:13:22.848Z] Node Version:  v12.16.1
[debug] [2020-08-31T21:13:22.855Z] Time:          Mon Aug 31 2020 23:13:22 GMT+0200 (GMT+02:00)
[debug] [2020-08-31T21:13:22.856Z] ----------------------------------------------------------------------
[debug] [2020-08-31T21:13:22.856Z] 
[debug] [2020-08-31T21:13:22.893Z] > command requires scopes: ["email","openid","https://www.googleapis.com/auth/cloudplatformprojects.readonly","https://www.googleapis.com/auth/firebase","https://www.googleapis.com/auth/cloud-platform"]
[debug] [2020-08-31T21:13:22.894Z] > authorizing via signed-in user
[debug] [2020-08-31T21:13:22.895Z] [iam] checking project angularmemory for permissions ["firebase.projects.get"]
[debug] [2020-08-31T21:13:22.903Z] >>> HTTP REQUEST POST https://cloudresourcemanager.googleapis.com/v1/projects/angularmemory:testIamPermissions  
 {"permissions":["firebase.projects.get"]}
[debug] [2020-08-31T21:13:24.974Z] <<< HTTP RESPONSE 200 {"content-type":"application/json; charset=UTF-8","vary":"X-Origin, Referer, Origin,Accept-Encoding","date":"Mon, 31 Aug 2020 21:13:26 GMT","server":"ESF","cache-control":"private","x-xss-protection":"0","x-frame-options":"SAMEORIGIN","x-content-type-options":"nosniff","server-timing":"gfet4t7; dur=663","alt-svc":"h3-29=\":443\"; ma=2592000,h3-27=\":443\"; ma=2592000,h3-T051=\":443\"; ma=2592000,h3-T050=\":443\"; ma=2592000,h3-Q050=\":443\"; ma=2592000,h3-Q046=\":443\"; ma=2592000,h3-Q043=\":443\"; ma=2592000,quic=\":443\"; ma=2592000; v=\"46,43\"","accept-ranges":"none","transfer-encoding":"chunked"}
[debug] [2020-08-31T21:13:24.984Z] >>> HTTP REQUEST GET https://firebase.googleapis.com/v1beta1/projects/angularmemory  
 
[debug] [2020-08-31T21:13:25.571Z] <<< HTTP RESPONSE 200 {"content-type":"application/json; charset=UTF-8","vary":"X-Origin, Referer, Origin,Accept-Encoding","date":"Mon, 31 Aug 2020 21:13:26 GMT","server":"ESF","cache-control":"private","x-xss-protection":"0","x-frame-options":"SAMEORIGIN","x-content-type-options":"nosniff","alt-svc":"h3-29=\":443\"; ma=2592000,h3-27=\":443\"; ma=2592000,h3-T051=\":443\"; ma=2592000,h3-T050=\":443\"; ma=2592000,h3-Q050=\":443\"; ma=2592000,h3-Q046=\":443\"; ma=2592000,h3-Q043=\":443\"; ma=2592000,quic=\":443\"; ma=2592000; v=\"46,43\"","accept-ranges":"none","transfer-encoding":"chunked"}
[info] 
[info] === Serving from 'C:\Users\Consoft\Desktop\Progetti Personali Sarah\memoryAngular'...
[info] 
[debug] [2020-08-31T21:13:25.604Z] >>> HTTP REQUEST GET https://firebase.googleapis.com/v1beta1/projects/angularmemory/webApps/-/config  
 
[debug] [2020-08-31T21:13:26.594Z] <<< HTTP RESPONSE 200 {"content-type":"application/json; charset=UTF-8","vary":"X-Origin, Referer, Origin,Accept-Encoding","date":"Mon, 31 Aug 2020 21:13:28 GMT","server":"ESF","cache-control":"private","x-xss-protection":"0","x-frame-options":"SAMEORIGIN","x-content-type-options":"nosniff","alt-svc":"h3-29=\":443\"; ma=2592000,h3-27=\":443\"; ma=2592000,h3-T051=\":443\"; ma=2592000,h3-T050=\":443\"; ma=2592000,h3-Q050=\":443\"; ma=2592000,h3-Q046=\":443\"; ma=2592000,h3-Q043=\":443\"; ma=2592000,quic=\":443\"; ma=2592000; v=\"46,43\"","accept-ranges":"none","transfer-encoding":"chunked"}
[warn] !  hosting: Port 5000 is not available. Trying another port... {"metadata":{"emulator":{"name":"hosting"},"message":"\u001b[33mhosting: \u001b[39mPort 5000 is not available. Trying another port..."}}
[info] i  hosting: Serving hosting files from: dist/memory {"metadata":{"emulator":{"name":"hosting"},"message":"Serving hosting files from: \u001b[1mdist/memory\u001b[22m"}}
[info] +  hosting: Local server: http://localhost:5005 {"metadata":{"emulator":{"name":"hosting"},"message":"Local server: \u001b[4m\u001b[1mhttp://localhost:5005\u001b[22m\u001b[24m"}}
